0 info it worked if it ends with ok
1 verbose cli [ 'C:\\Program Files\\nodejs\\node.exe',
1 verbose cli   'C:\\Program Files\\nodejs\\node_modules\\npm\\bin\\npm-cli.js',
1 verbose cli   'run',
1 verbose cli   'installex' ]
2 info using npm@3.10.10
3 info using node@v6.11.5
4 verbose run-script [ 'preinstallex', 'installex', 'postinstallex' ]
5 info lifecycle vortex_devel@0.0.1~preinstallex: vortex_devel@0.0.1
6 verbose lifecycle vortex_devel@0.0.1~preinstallex: unsafe-perm in lifecycle true
7 verbose lifecycle vortex_devel@0.0.1~preinstallex: PATH: C:\Users\kitpowell\AppData\Roaming\nvm\v6.11.5\node_modules\npm\bin\node-gyp-bin;X:\Documents\Development\node_modules\.bin;C:\Program Files (x86)\Parallels\Parallels Tools\Applications;C:\Windows\system32;C:\Windows;C:\Windows\System32\Wbem;C:\Windows\System32\WindowsPowerShell\v1.0\;C:\Program Files (x86)\Git\cmd;C:\Program Files (x86)\Windows Kits\8.1\Windows Performance Toolkit\;C:\Program Files\Microsoft SQL Server\110\Tools\Binn\;C:\Program Files (x86)\Microsoft SDKs\TypeScript\1.0\;C:\Program Files\Microsoft SQL Server\120\Tools\Binn\;C:\Users\kitpowell\AppData\Roaming\nvm;C:\Program Files\nodejs;C:\Users\kitpowell\AppData\Local\Microsoft\WindowsApps;C:\Users\kitpowell\AppData\Roaming\npm;C:\Users\kitpowell\AppData\Roaming\nvm;C:\Program Files\nodejs
8 verbose lifecycle vortex_devel@0.0.1~preinstallex: CWD: X:\Documents\Development
9 silly lifecycle vortex_devel@0.0.1~preinstallex: Args: [ '/d /s /c',
9 silly lifecycle   'npm install rm-local-modules && rm-local-modules' ]
10 silly lifecycle vortex_devel@0.0.1~preinstallex: Returned: code: 4294963248  signal: null
11 info lifecycle vortex_devel@0.0.1~preinstallex: Failed to exec preinstallex script
12 verbose stack Error: vortex_devel@0.0.1 preinstallex: `npm install rm-local-modules && rm-local-modules`
12 verbose stack Exit status 4294963248
12 verbose stack     at EventEmitter.<anonymous> (C:\Users\kitpowell\AppData\Roaming\nvm\v6.11.5\node_modules\npm\lib\utils\lifecycle.js:255:16)
12 verbose stack     at emitTwo (events.js:106:13)
12 verbose stack     at EventEmitter.emit (events.js:191:7)
12 verbose stack     at ChildProcess.<anonymous> (C:\Users\kitpowell\AppData\Roaming\nvm\v6.11.5\node_modules\npm\lib\utils\spawn.js:40:14)
12 verbose stack     at emitTwo (events.js:106:13)
12 verbose stack     at ChildProcess.emit (events.js:191:7)
12 verbose stack     at maybeClose (internal/child_process.js:920:16)
12 verbose stack     at Process.ChildProcess._handle.onexit (internal/child_process.js:230:5)
13 verbose pkgid vortex_devel@0.0.1
14 verbose cwd X:\Documents\Development
15 error Windows_NT 10.0.15063
16 error argv "C:\\Program Files\\nodejs\\node.exe" "C:\\Program Files\\nodejs\\node_modules\\npm\\bin\\npm-cli.js" "run" "installex"
17 error node v6.11.5
18 error npm  v3.10.10
19 error code ELIFECYCLE
20 error vortex_devel@0.0.1 preinstallex: `npm install rm-local-modules && rm-local-modules`
20 error Exit status 4294963248
21 error Failed at the vortex_devel@0.0.1 preinstallex script 'npm install rm-local-modules && rm-local-modules'.
21 error Make sure you have the latest version of node.js and npm installed.
21 error If you do, this is most likely a problem with the vortex_devel package,
21 error not with npm itself.
21 error Tell the author that this fails on your system:
21 error     npm install rm-local-modules && rm-local-modules
21 error You can get information on how to open an issue for this project with:
21 error     npm bugs vortex_devel
21 error Or if that isn't available, you can get their info via:
21 error     npm owner ls vortex_devel
21 error There is likely additional logging output above.
22 verbose exit [ 1, true ]
